<?xml version="1.0" encoding="UTF-8"?>
<!-- Generated by org.testng.reporters.JUnitReportReporter -->
<testsuite hostname="MAVBCP3504" failures="0" tests="1" name="com.selenium.example.RecordedScript" time="21.768" errors="0" timestamp="2021-10-08T09:34:31 IST" skipped="0">
  <testcase classname="com.selenium.example.RecordedScript" name="testParameterWithXML" time="21.768"/>
  <system-out/>
</testsuite> <!-- com.selenium.example.RecordedScript -->
