<?xml version="1.0" encoding="UTF-8"?>
<!-- Generated by org.testng.reporters.JUnitReportReporter -->
<testsuite hostname="MAVBCP3504" failures="0" tests="1" name="com.selenium.example.robotExample" time="40.396" errors="0" timestamp="2021-10-08T13:13:14 IST" skipped="0">
  <testcase classname="com.selenium.example.robotExample" name="robot" time="40.396"/>
  <system-out/>
</testsuite> <!-- com.selenium.example.robotExample -->
