<?xml version="1.0" encoding="UTF-8"?>
<!-- Generated by org.testng.reporters.JUnitReportReporter -->
<testsuite hostname="MAVBCP3504" failures="0" tests="1" name="com.selenium.example.Orange" time="22.266" errors="0" timestamp="2021-10-07T10:12:47 IST" skipped="0">
  <testcase classname="com.selenium.example.Orange" name="ValidLogin" time="22.266"/>
  <system-out/>
</testsuite> <!-- com.selenium.example.Orange -->
